    "cypress": "^12.17.4",
    "esbuild": "^0.19.3",
    "eslint": "^8.39.0",
    "eslint-config-airbnb": "19.0.4",
    "eslint-plugin-cypress": "^2.13.2",
    "eslint-plugin-import": "2.28.0",
    "eslint-plugin-jsdoc": "^46.0.0",
    "eslint-plugin-jsx-a11y": "6.7.1",
    "eslint-plugin-n": "^16.0.0",
    "eslint-plugin-promise": "^6.0.0",
    "eslint-plugin-react": "^7.31.8",
    "eslint-plugin-react-hooks": "4.6.0",
    "fork-ts-checker-webpack-plugin": "8.0.0",
    "jest-environment-jsdom": "^29.0.1",
    "playwright-webkit": "^1.27.1",
    "start-server-and-test": "^2.0.1",
    "@typescript-eslint/eslint-plugin": "^6.0.0",
    "@types/react-test-renderer": "^18.0.0",
    "@vitest/coverage-v8": "^0.34.1",
    "@types/react-test-renderer": "^18.0.0",
    "@typescript-eslint/eslint-plugin": "^6.0.0",
    "@vitest/coverage-v8": "^0.34.1",
    "cypress": "^12.12.0",
    "esbuild": "^0.19.3",
    "eslint": "^8.39.0",
    "eslint-config-airbnb": "19.0.4",
    "eslint-plugin-cypress": "^2.13.2",
    "eslint-plugin-import": "2.28.0",
    "eslint-plugin-jsdoc": "^46.0.0",
    "eslint-plugin-jsx-a11y": "6.7.1",
    "eslint-plugin-n": "^16.0.0",
    "eslint-plugin-promise": "^6.0.0",
    "eslint-plugin-react": "^7.31.8",
    "eslint-plugin-react-hooks": "4.6.0",
    "fork-ts-checker-webpack-plugin": "8.0.0",
    "jest-environment-jsdom": "^29.0.1",
    "playwright-webkit": "^1.27.1",
    "start-server-and-test": "^2.0.1"
